<?xml version="1.0" encoding="UTF-8"?>
<!-- Generated by org.testng.reporters.JUnitReportReporter -->
<testsuite hostname="Dayforce0nbJqvk" failures="0" tests="1" name="tests.BrowserTest" time="0.036" errors="0" timestamp="2025-04-02T13:06:51 IST" skipped="0">
  <testcase classname="tests.BrowserTest" name="testOpenMRSLoginPage" time="0.036"/>
  <system-out/>
</testsuite> <!-- tests.BrowserTest -->
