<?xml version="1.0" encoding="UTF-8"?>
<!-- Generated by org.testng.reporters.JUnitReportReporter -->
<testsuite hostname="Dayforce0nbJqvk" failures="0" tests="1" name="tests.RegisterPatientTest" time="49.373" errors="0" timestamp="2025-04-02T15:54:59 IST" skipped="0">
  <testcase classname="tests.RegisterPatientTest" name="login1" time="49.373"/>
  <system-out/>
</testsuite> <!-- tests.RegisterPatientTest -->
