<?xml version="1.0" encoding="UTF-8"?>
<!-- Generated by org.testng.reporters.JUnitReportReporter -->
<testsuite hostname="Dayforce0nbJqvk" failures="0" tests="3" name="tests.LoginTest" time="7.278" errors="0" timestamp="2025-04-02T13:13:20 IST" skipped="0">
  <testcase classname="tests.LoginTest" name="testInvalidLogin" time="1.915"/>
  <system-out/>
  <testcase classname="tests.LoginTest" name="testBlankLogin" time="1.612"/>
  <system-out/>
  <testcase classname="tests.LoginTest" name="testValidLogin" time="3.751"/>
  <system-out/>
</testsuite> <!-- tests.LoginTest -->
